Started by user [8mha:AAAAlh+LCAAAAAAAAP9b85aBtbiIQTGjNKU4P08vOT+vOD8nVc83PyU1x6OyILUoJzMv2y+/JJUBAhiZGBgqihhk0NSjKDWzXb3RdlLBUSYGJk8GtpzUvPSSDB8G5tKinBIGIZ+sxLJE/ZzEvHT94JKizLx0a6BxUmjGOUNodHsLgAzOEgYu/dLi1CL9vNKcHACFIKlWvwAAAA==[0manonymous
Building in workspace /var/ci/9
Cloning the remote Git repository
Cloning repository https://github.com/carlescliment/sample-vagrant-ansible.git
 > git init /var/ci/9
Fetching upstream changes from https://github.com/carlescliment/sample-vagrant-ansible.git
 > git --version
 > git fetch --tags --progress https://github.com/carlescliment/sample-vagrant-ansible.git +refs/heads/*:refs/remotes/origin/*
 > git config remote.origin.url https://github.com/carlescliment/sample-vagrant-ansible.git
 > git config remote.origin.fetch +refs/heads/*:refs/remotes/origin/*
 > git config remote.origin.url https://github.com/carlescliment/sample-vagrant-ansible.git
Fetching upstream changes from https://github.com/carlescliment/sample-vagrant-ansible.git
 > git fetch --tags --progress https://github.com/carlescliment/sample-vagrant-ansible.git +refs/heads/*:refs/remotes/origin/*
 > git rev-parse origin/master^{commit}
Checking out Revision e4213d374cf709fac346535d63f65d550d881e82 (origin/master)
 > git config core.sparsecheckout
 > git checkout -f e4213d374cf709fac346535d63f65d550d881e82
 > git rev-list 1a6c32b4d2049820a94bcee2f2b966b71c59a3b8
[9] $ /bin/sh -xe /tmp/hudson7478654363766600257.sh
+ wget http://getcomposer.org/composer.phar
--2014-07-15 13:22:54--  http://getcomposer.org/composer.phar
Resolving getcomposer.org (getcomposer.org)... 87.98.253.108
Connecting to getcomposer.org (getcomposer.org)|87.98.253.108|:80... connected.
HTTP request sent, awaiting response... 200 OK
Length: 965195 (943K) [application/octet-stream]
Saving to: â€˜composer.pharâ€™

     0K .......... .......... .......... .......... ..........  5%  225K 4s
    50K .......... .......... .......... .......... .......... 10%  395K 3s
   100K .......... .......... .......... .......... .......... 15%  412K 2s
   150K .......... .......... .......... .......... .......... 21%  455K 2s
   200K .......... .......... .......... .......... .......... 26%  332K 2s
   250K .......... .......... .......... .......... .......... 31%  601K 2s
   300K .......... .......... .......... .......... .......... 37%  528K 2s
   350K .......... .......... .......... .......... .......... 42%  580K 1s
   400K .......... .......... .......... .......... .......... 47%  397K 1s
   450K .......... .......... .......... .......... .......... 53%  916K 1s
   500K .......... .......... .......... .......... .......... 58%  412K 1s
   550K .......... .......... .......... .......... .......... 63%  485K 1s
   600K .......... .......... .......... .......... .......... 68%  728K 1s
   650K .......... .......... .......... .......... .......... 74%  654K 1s
   700K .......... .......... .......... .......... .......... 79%  849K 0s
   750K .......... .......... .......... .......... .......... 84%  690K 0s
   800K .......... .......... .......... .......... .......... 90%  498K 0s
   850K .......... .......... .......... .......... .......... 95%  644K 0s
   900K .......... .......... .......... .......... ..        100%  418K=2.0s

2014-07-15 13:22:56 (482 KB/s) - â€˜composer.pharâ€™ saved [965195/965195]

+ php composer.phar install
Loading composer repositories with package information
Installing dependencies (including require-dev) from lock file
  - Installing phpunit/php-token-stream (1.2.2)
    Loading from cache

  - Installing symfony/yaml (v2.5.1)
    Loading from cache

  - Installing sebastian/version (1.0.3)
    Loading from cache

  - Installing sebastian/exporter (1.0.1)
    Loading from cache

  - Installing sebastian/environment (1.0.0)
    Loading from cache

  - Installing sebastian/diff (1.1.0)
    Loading from cache

  - Installing sebastian/comparator (1.0.0)
    Loading from cache

  - Installing phpunit/php-text-template (1.2.0)
    Loading from cache

  - Installing phpunit/phpunit-mock-objects (2.1.5)
    Loading from cache

  - Installing phpunit/php-timer (1.0.5)
    Loading from cache

  - Installing phpunit/php-file-iterator (1.3.4)
    Loading from cache

  - Installing phpunit/php-code-coverage (2.0.9)
    Loading from cache

  - Installing phpunit/phpunit (4.1.3)
    Loading from cache

phpunit/php-code-coverage suggests installing ext-xdebug (>=2.2.1)
phpunit/phpunit suggests installing phpunit/php-invoker (~1.1)
Generating autoload files
[9] $ /bin/sh -xe /tmp/hudson1308135013168431087.sh
+ php vendor/bin/phpunit --log-junit tests9.xml
PHPUnit 4.1.3 by Sebastian Bergmann.

Configuration read from /var/ci/9/phpunit.xml.dist

.[41;37mF[0m

Time: 24 ms, Memory: 3.75Mb

There was 1 failure:

1) SampleTest::thisOneFails
Failed asserting that false is true.

/var/ci/9/src/tests/SampleTest.php:21
[37;41m                                     [0m
[37;41mFAILURES!                            [0m
[37;41mTests: 2, Assertions: 2, Failures: 1.[0m
Build step 'Execute shell' marked build as failure
Recording test results
Finished: FAILURE
